[WARN][24-01-13][com.autogen.service.EvaluationService]The result dictionary is empty, may not execute yet!
[WARN][24-01-13][com.autogen.service.EvaluationService]The result dictionary is empty, may not execute yet!
[WARN][24-01-13][com.autogen.service.EvaluationService]The result dictionary is empty, may not execute yet!
[WARN][24-01-13][com.autogen.service.EvaluationService]The result dictionary is empty, may not execute yet!
[WARN][24-01-13][com.autogen.service.EvaluationService]The result dictionary is empty, may not execute yet!
[WARN][24-01-13][com.autogen.service.EvaluationService]The result dictionary is empty, may not execute yet!
[WARN][24-01-13][com.autogen.service.EvaluationService]The result dictionary is empty, may not execute yet!
[WARN][24-01-13][com.autogen.service.EvaluationService]The result dictionary is empty, may not execute yet!
[WARN][24-01-13][com.autogen.service.EvaluationService]The result dictionary is empty, may not execute yet!
[WARN][24-01-13][com.autogen.service.EvaluationService]The result dictionary is empty, may not execute yet!
[WARN][24-01-13][com.autogen.service.EvaluationService]The result dictionary is empty, may not execute yet!
[WARN][24-01-13][com.autogen.service.EvaluationService]The result dictionary is empty, may not execute yet!
[WARN][24-01-13][com.autogen.service.EvaluationService]The result dictionary is empty, may not execute yet!
[WARN][24-01-13][com.autogen.service.EvaluationService]The result dictionary is empty, may not execute yet!
[WARN][24-01-13][com.autogen.service.EvaluationService]The result dictionary is empty, may not execute yet!
[WARN][24-01-13][com.autogen.service.EvaluationService]The result dictionary is empty, may not execute yet!
[WARN][24-01-13][com.autogen.service.EvaluationService]The result dictionary is empty, may not execute yet!
[WARN][24-01-13][com.autogen.service.EvaluationService]The result dictionary is empty, may not execute yet!
[WARN][24-01-13][com.autogen.service.EvaluationService]The result dictionary is empty, may not execute yet!
[WARN][24-01-13][com.autogen.service.EvaluationService]The result dictionary is empty, may not execute yet!
[WARN][24-01-13][com.autogen.service.EvaluationService]The result dictionary is empty, may not execute yet!
[WARN][24-01-13][com.autogen.service.EvaluationService]The result dictionary is empty, may not execute yet!
[WARN][24-01-13][com.autogen.service.EvaluationService]The result dictionary is empty, may not execute yet!
[WARN][24-01-13][com.autogen.service.EvaluationService]The result dictionary is empty, may not execute yet!
[WARN][24-01-13][com.autogen.service.EvaluationService]The result dictionary is empty, may not execute yet!
[WARN][24-01-13][com.autogen.service.EvaluationService]The result dictionary is empty, may not execute yet!
[WARN][24-01-13][com.autogen.service.EvaluationService]The result dictionary is empty, may not execute yet!
[WARN][24-01-13][com.autogen.service.EvaluationService]The result dictionary is empty, may not execute yet!
[WARN][24-01-13][com.autogen.service.EvaluationService]The result dictionary is empty, may not execute yet!
[WARN][24-01-13][com.autogen.service.EvaluationService]The result dictionary is empty, may not execute yet!
[WARN][24-01-13][com.autogen.service.EvaluationService]The result dictionary is empty, may not execute yet!
[WARN][24-01-13][com.autogen.service.EvaluationService]The result dictionary is empty, may not execute yet!
[WARN][24-01-13][com.autogen.service.EvaluationService]The result dictionary is empty, may not execute yet!
[WARN][24-01-13][com.autogen.service.EvaluationService]The result dictionary is empty, may not execute yet!
[WARN][24-01-13][com.autogen.service.EvaluationService]The result dictionary is empty, may not execute yet!
[WARN][24-01-13][com.autogen.service.EvaluationService]The result dictionary is empty, may not execute yet!
[WARN][24-01-13][com.autogen.service.EvaluationService]The result dictionary is empty, may not execute yet!
[WARN][24-01-13][com.autogen.service.EvaluationService]The result dictionary is empty, may not execute yet!
[WARN][24-01-13][com.autogen.service.EvaluationService]The result dictionary is empty, may not execute yet!
[WARN][24-01-13][com.autogen.service.EvaluationService]The result dictionary is empty, may not execute yet!
[WARN][24-01-13][com.autogen.service.EvaluationService]The result dictionary is empty, may not execute yet!
[WARN][24-01-13][com.autogen.service.EvaluationService]The result dictionary is empty, may not execute yet!
[WARN][24-01-13][com.autogen.service.EvaluationService]The result dictionary is empty, may not execute yet!
[WARN][24-01-13][com.autogen.service.EvaluationService]The result dictionary is empty, may not execute yet!
[WARN][24-01-13][com.autogen.service.EvaluationService]The result dictionary is empty, may not execute yet!
[WARN][24-01-13][com.autogen.service.EvaluationService]The result dictionary is empty, may not execute yet!
[WARN][24-01-13][com.autogen.service.EvaluationService]The result dictionary is empty, may not execute yet!
[WARN][24-01-13][com.autogen.service.EvaluationService]The result dictionary is empty, may not execute yet!
[WARN][24-01-13][com.autogen.service.EvaluationService]The result dictionary is empty, may not execute yet!
[WARN][24-01-13][com.autogen.service.EvaluationService]The result dictionary is empty, may not execute yet!
[WARN][24-01-13][com.autogen.service.EvaluationService]The result dictionary is empty, may not execute yet!
[WARN][24-01-13][com.autogen.service.EvaluationService]The result dictionary is empty, may not execute yet!
[WARN][24-01-13][com.autogen.service.EvaluationService]The result dictionary is empty, may not execute yet!
[WARN][24-01-13][com.autogen.service.EvaluationService]The result dictionary is empty, may not execute yet!
[WARN][24-01-13][com.autogen.service.EvaluationService]The result dictionary is empty, may not execute yet!
[WARN][24-01-13][com.autogen.service.EvaluationService]The result dictionary is empty, may not execute yet!
[WARN][24-01-13][com.autogen.service.EvaluationService]The result dictionary is empty, may not execute yet!
[WARN][24-01-13][com.autogen.service.EvaluationService]The result dictionary is empty, may not execute yet!
[WARN][24-01-13][com.autogen.service.EvaluationService]The result dictionary is empty, may not execute yet!
[WARN][24-01-13][com.autogen.service.EvaluationService]The result dictionary is empty, may not execute yet!
[WARN][24-01-13][com.autogen.service.EvaluationService]The result dictionary is empty, may not execute yet!
[WARN][24-01-13][com.autogen.service.EvaluationService]The result dictionary is empty, may not execute yet!
[WARN][24-01-13][com.autogen.service.EvaluationService]The result dictionary is empty, may not execute yet!
[WARN][24-01-13][com.autogen.service.EvaluationService]The result dictionary is empty, may not execute yet!
[WARN][24-01-13][com.autogen.service.EvaluationService]The result dictionary is empty, may not execute yet!
[WARN][24-01-13][com.autogen.service.EvaluationService]The result dictionary is empty, may not execute yet!
[WARN][24-01-13][com.autogen.service.EvaluationService]The result dictionary is empty, may not execute yet!
[WARN][24-01-13][com.autogen.service.EvaluationService]The result dictionary is empty, may not execute yet!
[WARN][24-01-13][com.autogen.service.EvaluationService]The result dictionary is empty, may not execute yet!
[WARN][24-01-13][com.autogen.service.EvaluationService]The result dictionary is empty, may not execute yet!
[WARN][24-01-13][com.autogen.service.EvaluationService]The result dictionary is empty, may not execute yet!
[WARN][24-01-13][com.autogen.service.EvaluationService]The result dictionary is empty, may not execute yet!
[WARN][24-01-13][com.autogen.service.EvaluationService]The result dictionary is empty, may not execute yet!
[WARN][24-01-13][com.autogen.service.EvaluationService]The result dictionary is empty, may not execute yet!
[WARN][24-01-13][com.autogen.service.EvaluationService]The result dictionary is empty, may not execute yet!
[WARN][24-01-13][com.autogen.service.EvaluationService]The result dictionary is empty, may not execute yet!
[DEBUG][24-01-13][org.apache.fontbox.ttf.PostScriptTable]No PostScript name information is provided for the font ArialMT
[WARN][24-01-13][org.apache.fontbox.ttf.CmapSubtable]cmap format 4 subtable is empty
[WARN][24-01-13][org.apache.fontbox.ttf.CmapSubtable]cmap format 4 subtable is empty
[DEBUG][24-01-13][org.apache.fontbox.ttf.PostScriptTable]No PostScript name information is provided for the font SegoeUI
[WARN][24-01-13][org.apache.fontbox.ttf.CmapSubtable]cmap format 4 subtable is empty
[WARN][24-01-13][org.apache.fontbox.ttf.CmapSubtable]cmap format 4 subtable is empty
[DEBUG][24-01-13][org.apache.fontbox.ttf.PostScriptTable]No PostScript name information is provided for the font Consolas
[WARN][24-01-13][org.apache.fontbox.ttf.CmapSubtable]cmap format 4 subtable is empty
[WARN][24-01-13][org.apache.fontbox.ttf.CmapSubtable]cmap format 4 subtable is empty
[DEBUG][24-01-13][org.apache.fontbox.ttf.PostScriptTable]No PostScript name information is provided for the font SegoeUI-Bold
[WARN][24-01-13][org.apache.fontbox.ttf.CmapSubtable]cmap format 4 subtable is empty
[WARN][24-01-13][org.apache.fontbox.ttf.CmapSubtable]cmap format 4 subtable is empty
[DEBUG][24-01-13][org.apache.pdfbox.io.ScratchFileBuffer]ScratchFileBuffer not closed!
[DEBUG][24-01-13][org.apache.pdfbox.io.ScratchFileBuffer]ScratchFileBuffer not closed!
[DEBUG][24-01-13][org.apache.pdfbox.io.ScratchFileBuffer]ScratchFileBuffer not closed!
[DEBUG][24-01-13][org.apache.pdfbox.io.ScratchFileBuffer]ScratchFileBuffer not closed!
[DEBUG][24-01-13][org.apache.fontbox.ttf.PostScriptTable]No PostScript name information is provided for the font MicrosoftJhengHeiUIRegular
[WARN][24-01-13][org.apache.fontbox.ttf.CmapSubtable]cmap format 4 subtable is empty
[WARN][24-01-13][org.apache.fontbox.ttf.CmapSubtable]cmap format 4 subtable is empty
[DEBUG][24-01-13][org.apache.fontbox.ttf.PostScriptTable]No PostScript name information is provided for the font ArialMT
[WARN][24-01-13][org.apache.fontbox.ttf.CmapSubtable]cmap format 4 subtable is empty
[WARN][24-01-13][org.apache.fontbox.ttf.CmapSubtable]cmap format 4 subtable is empty
[DEBUG][24-01-13][org.apache.fontbox.ttf.PostScriptTable]No PostScript name information is provided for the font SegoeUI
[WARN][24-01-13][org.apache.fontbox.ttf.CmapSubtable]cmap format 4 subtable is empty
[WARN][24-01-13][org.apache.fontbox.ttf.CmapSubtable]cmap format 4 subtable is empty
[DEBUG][24-01-13][org.apache.fontbox.ttf.PostScriptTable]No PostScript name information is provided for the font Consolas
[WARN][24-01-13][org.apache.fontbox.ttf.CmapSubtable]cmap format 4 subtable is empty
[WARN][24-01-13][org.apache.fontbox.ttf.CmapSubtable]cmap format 4 subtable is empty
[DEBUG][24-01-13][org.apache.fontbox.ttf.PostScriptTable]No PostScript name information is provided for the font SegoeUI-Bold
[WARN][24-01-13][org.apache.fontbox.ttf.CmapSubtable]cmap format 4 subtable is empty
[WARN][24-01-13][org.apache.fontbox.ttf.CmapSubtable]cmap format 4 subtable is empty
[DEBUG][24-01-13][org.apache.pdfbox.io.ScratchFileBuffer]ScratchFileBuffer not closed!
[DEBUG][24-01-13][org.apache.pdfbox.io.ScratchFileBuffer]ScratchFileBuffer not closed!
[DEBUG][24-01-13][org.apache.pdfbox.io.ScratchFileBuffer]ScratchFileBuffer not closed!
[DEBUG][24-01-13][org.apache.pdfbox.io.ScratchFileBuffer]ScratchFileBuffer not closed!
[DEBUG][24-01-13][org.apache.fontbox.ttf.PostScriptTable]No PostScript name information is provided for the font MicrosoftJhengHeiUIRegular
[WARN][24-01-13][org.apache.fontbox.ttf.CmapSubtable]cmap format 4 subtable is empty
[WARN][24-01-13][org.apache.fontbox.ttf.CmapSubtable]cmap format 4 subtable is empty
[INFO][24-01-14][com.autogen.utils.CompileUtils]Adding third-party jar dependencies' in directory:
 D:\Coding\Creative\group_project_I\data\lib
[INFO][24-01-14][com.autogen.utils.CompileUtils]Compile D:\Coding\Creative\group_project_I\data\TargetTester.java successfully
[INFO][24-01-14][com.autogen.utils.CompileUtils]Adding third-party jar dependencies' in directory: D:\Coding\Creative\group_project_I\data\lib
[INFO][24-01-14][com.autogen.utils.CompileUtils]Compile D:\Coding\Creative\group_project_I\data\TargetTester.java successfully
[INFO][24-01-14][com.autogen.utils.CompileUtils]Adding third-party jar dependencies' in directory: D:\Coding\Creative\group_project_I\data\lib
[INFO][24-01-14][com.autogen.utils.CompileUtils]Compile D:\Coding\Creative\group_project_I\data\TargetTester.java successfully
[INFO][24-01-14][com.autogen.utils.IOUtils]Test file written to D:\Coding\Creative\group_project_I\data\tests\TargetTester.java
[INFO][24-01-14][com.autogen.utils.IOUtils]Compiling D:\Coding\Creative\group_project_I\data\tests\TargetTester.java...
[INFO][24-01-14][com.autogen.utils.CompileUtils]Adding third-party jar dependencies' in directory: data\tests\lib
[ERROR][24-01-14][com.autogen.utils.CompileUtils]D:\Coding\Creative\group_project_I\data\tests\TargetTester.java is not the subdirectory of data\tests
[INFO][24-01-14][com.autogen.service.EvaluationService]Running coverage test on test files at data\tests, the target file are at data\targets
[INFO][24-01-14][com.autogen.utils.IOUtils]Test file written to D:\Coding\Creative\group_project_I\data\TargetTester.java
[INFO][24-01-14][com.autogen.utils.IOUtils]Compiling D:\Coding\Creative\group_project_I\data\TargetTester.java...
[INFO][24-01-14][com.autogen.utils.CompileUtils]Adding third-party jar dependencies' in directory: data\lib
[ERROR][24-01-14][com.autogen.utils.CompileUtils]D:\Coding\Creative\group_project_I\data\TargetTester.java is not the subdirectory of data
[INFO][24-01-14][com.autogen.service.EvaluationService]Running coverage test on test files at data, the target file are at data\targets
[INFO][24-01-14][com.autogen.utils.IOUtils]Test file written to D:\Coding\Creative\group_project_I\data\TargetTester.java
[INFO][24-01-14][com.autogen.utils.IOUtils]Compiling D:\Coding\Creative\group_project_I\data\TargetTester.java...
[INFO][24-01-14][com.autogen.utils.CompileUtils]Adding third-party jar dependencies' in directory: data\lib
[ERROR][24-01-14][com.autogen.utils.CompileUtils]D:\Coding\Creative\group_project_I\data\TargetTester.java is not the subdirectory of data
[INFO][24-01-14][com.autogen.service.EvaluationService]Running coverage test on test files at data, the target file are at data\targets
[INFO][24-01-14][com.autogen.utils.IOUtils]Test file written to D:\Coding\Creative\group_project_I\data\TargetTester.java
[INFO][24-01-14][com.autogen.utils.IOUtils]Compiling D:\Coding\Creative\group_project_I\data\TargetTester.java...
[INFO][24-01-14][com.autogen.utils.CompileUtils]Adding third-party jar dependencies' in directory: data\lib
[ERROR][24-01-14][com.autogen.utils.CompileUtils]D:\Coding\Creative\group_project_I\data\TargetTester.java is not the subdirectory of data
[INFO][24-01-14][com.autogen.service.EvaluationService]Running coverage test on test files at data, the target file are at data\targets
[INFO][24-01-14][com.autogen.utils.CompileUtils]Adding third-party jar dependencies' in directory: D:\Coding\Creative\group_project_I\data\lib
[ERROR][24-01-14][com.autogen.utils.CompileUtils]D:\Coding\Creative\autogenTest is not the subdirectory of D:\Coding\Creative\autogenTest
[INFO][24-01-14][com.autogen.utils.CompileUtils]Adding third-party jar dependencies' in directory: D:\Coding\Creative\group_project_I\data\lib
[ERROR][24-01-14][com.autogen.utils.CompileUtils]D:\Coding\Creative\autogenTest is not the subdirectory of D:\Coding\Creative\autogenTest
[INFO][24-01-14][com.autogen.utils.CompileUtils]Adding third-party jar dependencies' in directory: D:\Coding\Creative\group_project_I\data\lib
[ERROR][24-01-14][com.autogen.utils.CompileUtils]D:\Coding\Creative\autogenTest is not the subdirectory of D:\Coding\Creative\autogenTest
[INFO][24-01-14][com.autogen.utils.CompileUtils]Adding third-party jar dependencies' in directory: D:\Coding\Creative\group_project_I\data\lib
[ERROR][24-01-14][com.autogen.utils.CompileUtils]D:\Coding\Creative\autogenTest is not the subdirectory of D:\Coding\Creative\autogenTest
[INFO][24-01-14][com.autogen.utils.CompileUtils]Adding third-party jar dependencies' in directory: D:\Coding\Creative\group_project_I\data\lib
[ERROR][24-01-14][com.autogen.utils.CompileUtils]D:\Coding\Creative\autogenTest is not the subdirectory of D:\Coding\Creative\autogenTest
[INFO][24-01-14][com.autogen.utils.CompileUtils]Adding third-party jar dependencies' in directory: D:\Coding\Creative\group_project_I\data\lib
[ERROR][24-01-14][com.autogen.utils.CompileUtils]D:\Coding\Creative\autogenTest is not the subdirectory of D:\Coding\Creative\autogenTest
[INFO][24-01-14][com.autogen.utils.CompileUtils]Adding third-party jar dependencies' in directory: D:\Coding\Creative\group_project_I\data\lib
[INFO][24-01-14][com.autogen.utils.CompileUtils]Adding third-party jar dependencies' in directory: D:\Coding\Creative\group_project_I\data\lib
[INFO][24-01-14][com.autogen.utils.CompileUtils]Compile D:\Coding\Creative\autogenTest\rawCode successfully
[INFO][24-01-14][com.autogen.utils.IOUtils]Test file written to D:\Coding\Creative\group_project_I\data\TargetTester.java
[INFO][24-01-14][com.autogen.utils.IOUtils]Compiling D:\Coding\Creative\group_project_I\data\TargetTester.java...
[INFO][24-01-14][com.autogen.utils.CompileUtils]Adding third-party jar dependencies' in directory: data\lib
[ERROR][24-01-14][com.autogen.utils.CompileUtils]D:\Coding\Creative\group_project_I\data\TargetTester.java is not the subdirectory of data
[INFO][24-01-14][com.autogen.service.EvaluationService]Running coverage test on test files at data, the target file are at data\targets
[INFO][24-01-14][com.autogen.utils.IOUtils]Test file written to D:\Coding\Creative\group_project_I\data\TargetTester.java
[INFO][24-01-14][com.autogen.utils.IOUtils]Compiling D:\Coding\Creative\group_project_I\data\TargetTester.java...
[INFO][24-01-14][com.autogen.utils.CompileUtils]Adding third-party jar dependencies' in directory: data\lib
[ERROR][24-01-14][com.autogen.utils.CompileUtils]D:\Coding\Creative\group_project_I\data\TargetTester.java is not the subdirectory of data
[INFO][24-01-14][com.autogen.service.EvaluationService]Running coverage test on test files at data, the target file are at data\targets
[INFO][24-01-14][com.autogen.utils.IOUtils]Test file written to D:\Coding\Creative\group_project_I\data\TargetTester.java
[INFO][24-01-14][com.autogen.utils.IOUtils]Compiling D:\Coding\Creative\group_project_I\data\TargetTester.java...
[INFO][24-01-14][com.autogen.utils.CompileUtils]Adding third-party jar dependencies' in directory: data\lib
[ERROR][24-01-14][com.autogen.utils.CompileUtils]D:\Coding\Creative\group_project_I\data\TargetTester.java is not the subdirectory of data
[INFO][24-01-14][com.autogen.service.EvaluationService]Running coverage test on test files at null, the target file are at data\targets
[ERROR][24-01-14][com.autogen.service.EvaluationService]
[INFO][24-01-14][com.autogen.utils.IOUtils]Test file written to D:\Coding\Creative\group_project_I\data\TargetTester.java
[INFO][24-01-14][com.autogen.utils.IOUtils]Compiling D:\Coding\Creative\group_project_I\data\TargetTester.java...
[INFO][24-01-14][com.autogen.utils.CompileUtils]Adding third-party jar dependencies' in directory: data\lib
[ERROR][24-01-14][com.autogen.utils.CompileUtils]D:\Coding\Creative\group_project_I\data\TargetTester.java is not the subdirectory of data
[INFO][24-01-14][com.autogen.service.EvaluationService]Running coverage test on test files at null, the target file are at data\targets
[ERROR][24-01-14][com.autogen.service.EvaluationService]
[INFO][24-01-14][com.autogen.utils.IOUtils]Test file written to D:\Coding\Creative\group_project_I\data\TargetTester.java
[INFO][24-01-14][com.autogen.utils.IOUtils]Compiling D:\Coding\Creative\group_project_I\data\TargetTester.java...
[INFO][24-01-14][com.autogen.utils.CompileUtils]Adding third-party jar dependencies' in directory: data\lib
[ERROR][24-01-14][com.autogen.utils.CompileUtils]D:\Coding\Creative\group_project_I\data\TargetTester.java is not the subdirectory of data
[INFO][24-01-14][com.autogen.service.EvaluationService]Running coverage test on test files at null, the target file are at data\targets
[ERROR][24-01-14][com.autogen.service.EvaluationService]
[INFO][24-01-14][com.autogen.utils.IOUtils]Test file written to D:\Coding\Creative\group_project_I\data\TargetTester.java
[INFO][24-01-14][com.autogen.utils.IOUtils]Compiling D:\Coding\Creative\group_project_I\data\TargetTester.java...
[INFO][24-01-14][com.autogen.utils.CompileUtils]Adding third-party jar dependencies' in directory: data\lib
[ERROR][24-01-14][com.autogen.utils.CompileUtils]D:\Coding\Creative\group_project_I\data\TargetTester.java is not the subdirectory of data
[INFO][24-01-14][com.autogen.service.EvaluationService]Running coverage test on test files at null, the target file are at data\targets
[ERROR][24-01-14][com.autogen.service.EvaluationService]
[INFO][24-01-14][com.autogen.utils.IOUtils]Test file written to D:\Coding\Creative\group_project_I\data\TargetTester.java
[INFO][24-01-14][com.autogen.utils.IOUtils]Compiling D:\Coding\Creative\group_project_I\data\TargetTester.java...
[INFO][24-01-14][com.autogen.utils.CompileUtils]Adding third-party jar dependencies' in directory: data\lib
[ERROR][24-01-14][com.autogen.utils.CompileUtils]D:\Coding\Creative\group_project_I\data\TargetTester.java is not the subdirectory of data
[INFO][24-01-14][com.autogen.service.EvaluationService]Running coverage test on test files at data, the target file are at data\targets
[INFO][24-01-14][com.autogen.utils.IOUtils]Test file written to D:\Coding\Creative\group_project_I\data\TargetTester.java
[INFO][24-01-14][com.autogen.utils.IOUtils]Compiling D:\Coding\Creative\group_project_I\data\TargetTester.java...
[INFO][24-01-14][com.autogen.utils.CompileUtils]Adding third-party jar dependencies' in directory: data\lib
[ERROR][24-01-14][com.autogen.utils.CompileUtils]D:\Coding\Creative\group_project_I\data\TargetTester.java is not the subdirectory of data
[INFO][24-01-14][com.autogen.service.EvaluationService]Running coverage test on test files at data, the target file are at data\targets
[INFO][24-01-14][com.autogen.utils.IOUtils]Test file written to D:\Coding\Creative\group_project_I\data\TargetTester.java
[INFO][24-01-14][com.autogen.utils.IOUtils]Compiling D:\Coding\Creative\group_project_I\data\TargetTester.java...
[INFO][24-01-14][com.autogen.utils.CompileUtils]Adding third-party jar dependencies' in directory: data\lib
[ERROR][24-01-14][com.autogen.utils.CompileUtils]D:\Coding\Creative\group_project_I\data\TargetTester.java is not the subdirectory of data
[INFO][24-01-14][com.autogen.service.EvaluationService]Running coverage test on test files at data, the target file are at data\targets
[INFO][24-01-14][com.autogen.utils.IOUtils]Test file written to D:\Coding\Creative\group_project_I\data\TargetTester.java
[INFO][24-01-14][com.autogen.utils.IOUtils]Compiling D:\Coding\Creative\group_project_I\data\TargetTester.java...
[INFO][24-01-14][com.autogen.utils.CompileUtils]Adding third-party jar dependencies' in directory: data\lib
[ERROR][24-01-14][com.autogen.utils.CompileUtils]D:\Coding\Creative\group_project_I\data\TargetTester.java is not the subdirectory of data
[INFO][24-01-14][com.autogen.service.EvaluationService]Running coverage test on test files at data, the target file are at data\targets
[INFO][24-01-14][com.autogen.utils.IOUtils]Test file written to D:\Coding\Creative\group_project_I\data\TargetTester.java
[INFO][24-01-14][com.autogen.utils.IOUtils]Compiling D:\Coding\Creative\group_project_I\data\TargetTester.java...
[INFO][24-01-14][com.autogen.utils.CompileUtils]Adding third-party jar dependencies' in directory: data\lib
[ERROR][24-01-14][com.autogen.utils.IOUtils]Compile error: 
java.io.FileNotFoundException: D:\Coding\Creative\autogenTest\data\test (系统找不到指定的路径。)
	at java.base/java.io.FileOutputStream.open0(Native Method)
	at java.base/java.io.FileOutputStream.open(FileOutputStream.java:298)
	at java.base/java.io.FileOutputStream.<init>(FileOutputStream.java:237)
	at java.base/java.io.FileOutputStream.<init>(FileOutputStream.java:187)
	at com.autogen.utils.IOUtils.writeTestFileToJavaFile(IOUtils.java:45)
	at com.autogen.service.EvaluationService.evaluateTestFromGPT(EvaluationService.java:51)
	at com.unfbx.autogen.GeneralTest.testEvaluation(GeneralTest.java:104)
	at java.base/jdk.internal.reflect.NativeMethodAccessorImpl.invoke0(Native Method)
	at java.base/jdk.internal.reflect.NativeMethodAccessorImpl.invoke(NativeMethodAccessorImpl.java:62)
	at java.base/jdk.internal.reflect.DelegatingMethodAccessorImpl.invoke(DelegatingMethodAccessorImpl.java:43)
	at java.base/java.lang.reflect.Method.invoke(Method.java:566)
	at org.junit.runners.model.FrameworkMethod$1.runReflectiveCall(FrameworkMethod.java:59)
	at org.junit.internal.runners.model.ReflectiveCallable.run(ReflectiveCallable.java:12)
	at org.junit.runners.model.FrameworkMethod.invokeExplosively(FrameworkMethod.java:56)
	at org.junit.internal.runners.statements.InvokeMethod.evaluate(InvokeMethod.java:17)
	at org.junit.internal.runners.statements.RunBefores.evaluate(RunBefores.java:26)
	at org.junit.runners.ParentRunner$3.evaluate(ParentRunner.java:306)
	at org.junit.runners.BlockJUnit4ClassRunner$1.evaluate(BlockJUnit4ClassRunner.java:100)
	at org.junit.runners.ParentRunner.runLeaf(ParentRunner.java:366)
	at org.junit.runners.BlockJUnit4ClassRunner.runChild(BlockJUnit4ClassRunner.java:103)
	at org.junit.runners.BlockJUnit4ClassRunner.runChild(BlockJUnit4ClassRunner.java:63)
	at org.junit.runners.ParentRunner$4.run(ParentRunner.java:331)
	at org.junit.runners.ParentRunner$1.schedule(ParentRunner.java:79)
	at org.junit.runners.ParentRunner.runChildren(ParentRunner.java:329)
	at org.junit.runners.ParentRunner.access$100(ParentRunner.java:66)
	at org.junit.runners.ParentRunner$2.evaluate(ParentRunner.java:293)
	at org.junit.runners.ParentRunner$3.evaluate(ParentRunner.java:306)
	at org.junit.runners.ParentRunner.run(ParentRunner.java:413)
	at org.junit.runner.JUnitCore.run(JUnitCore.java:137)
	at com.intellij.junit4.JUnit4IdeaTestRunner.startRunnerWithArgs(JUnit4IdeaTestRunner.java:69)
	at com.intellij.rt.junit.IdeaTestRunner$Repeater$1.execute(IdeaTestRunner.java:38)
	at com.intellij.rt.execution.junit.TestsRepeater.repeat(TestsRepeater.java:11)
	at com.intellij.rt.junit.IdeaTestRunner$Repeater.startRunnerWithArgs(IdeaTestRunner.java:35)
	at com.intellij.rt.junit.JUnitStarter.prepareStreamsAndStart(JUnitStarter.java:235)
	at com.intellij.rt.junit.JUnitStarter.main(JUnitStarter.java:54)
[INFO][24-01-14][com.autogen.service.EvaluationService]Running coverage test on test files at D:\Coding\Creative\autogenTest\data\test, the target file are at D:\Coding\Creative\autogenTest\programCode
[ERROR][24-01-14][com.autogen.utils.IOUtils]Compile error: 
java.io.FileNotFoundException: D:\Coding\Creative\autogenTest\data\test (系统找不到指定的路径。)
	at java.base/java.io.FileOutputStream.open0(Native Method)
	at java.base/java.io.FileOutputStream.open(FileOutputStream.java:298)
	at java.base/java.io.FileOutputStream.<init>(FileOutputStream.java:237)
	at java.base/java.io.FileOutputStream.<init>(FileOutputStream.java:187)
	at com.autogen.utils.IOUtils.writeTestFileToJavaFile(IOUtils.java:45)
	at com.autogen.service.EvaluationService.evaluateTestFromGPT(EvaluationService.java:51)
	at com.unfbx.autogen.GeneralTest.testEvaluation(GeneralTest.java:104)
	at java.base/jdk.internal.reflect.NativeMethodAccessorImpl.invoke0(Native Method)
	at java.base/jdk.internal.reflect.NativeMethodAccessorImpl.invoke(NativeMethodAccessorImpl.java:62)
	at java.base/jdk.internal.reflect.DelegatingMethodAccessorImpl.invoke(DelegatingMethodAccessorImpl.java:43)
	at java.base/java.lang.reflect.Method.invoke(Method.java:566)
	at org.junit.runners.model.FrameworkMethod$1.runReflectiveCall(FrameworkMethod.java:59)
	at org.junit.internal.runners.model.ReflectiveCallable.run(ReflectiveCallable.java:12)
	at org.junit.runners.model.FrameworkMethod.invokeExplosively(FrameworkMethod.java:56)
	at org.junit.internal.runners.statements.InvokeMethod.evaluate(InvokeMethod.java:17)
	at org.junit.internal.runners.statements.RunBefores.evaluate(RunBefores.java:26)
	at org.junit.runners.ParentRunner$3.evaluate(ParentRunner.java:306)
	at org.junit.runners.BlockJUnit4ClassRunner$1.evaluate(BlockJUnit4ClassRunner.java:100)
	at org.junit.runners.ParentRunner.runLeaf(ParentRunner.java:366)
	at org.junit.runners.BlockJUnit4ClassRunner.runChild(BlockJUnit4ClassRunner.java:103)
	at org.junit.runners.BlockJUnit4ClassRunner.runChild(BlockJUnit4ClassRunner.java:63)
	at org.junit.runners.ParentRunner$4.run(ParentRunner.java:331)
	at org.junit.runners.ParentRunner$1.schedule(ParentRunner.java:79)
	at org.junit.runners.ParentRunner.runChildren(ParentRunner.java:329)
	at org.junit.runners.ParentRunner.access$100(ParentRunner.java:66)
	at org.junit.runners.ParentRunner$2.evaluate(ParentRunner.java:293)
	at org.junit.runners.ParentRunner$3.evaluate(ParentRunner.java:306)
	at org.junit.runners.ParentRunner.run(ParentRunner.java:413)
	at org.junit.runner.JUnitCore.run(JUnitCore.java:137)
	at com.intellij.junit4.JUnit4IdeaTestRunner.startRunnerWithArgs(JUnit4IdeaTestRunner.java:69)
	at com.intellij.rt.junit.IdeaTestRunner$Repeater$1.execute(IdeaTestRunner.java:38)
	at com.intellij.rt.execution.junit.TestsRepeater.repeat(TestsRepeater.java:11)
	at com.intellij.rt.junit.IdeaTestRunner$Repeater.startRunnerWithArgs(IdeaTestRunner.java:35)
	at com.intellij.rt.junit.JUnitStarter.prepareStreamsAndStart(JUnitStarter.java:235)
	at com.intellij.rt.junit.JUnitStarter.main(JUnitStarter.java:54)
[INFO][24-01-14][com.autogen.service.EvaluationService]Running coverage test on test files at D:\Coding\Creative\autogenTest\data\test, the target file are at D:\Coding\Creative\autogenTest\programCode
[WARN][24-01-14][com.autogen.service.EvaluationService]The result dictionary is empty, may not execute yet!
[ERROR][24-01-14][com.autogen.utils.IOUtils]Compile error: 
java.io.FileNotFoundException: D:\Coding\Creative\autogenTest\data\test (系统找不到指定的路径。)
	at java.base/java.io.FileOutputStream.open0(Native Method)
	at java.base/java.io.FileOutputStream.open(FileOutputStream.java:298)
	at java.base/java.io.FileOutputStream.<init>(FileOutputStream.java:237)
	at java.base/java.io.FileOutputStream.<init>(FileOutputStream.java:187)
	at com.autogen.utils.IOUtils.writeTestFileToJavaFile(IOUtils.java:45)
	at com.autogen.service.EvaluationService.evaluateTestFromGPT(EvaluationService.java:51)
	at com.unfbx.autogen.GeneralTest.testEvaluation(GeneralTest.java:104)
	at java.base/jdk.internal.reflect.NativeMethodAccessorImpl.invoke0(Native Method)
	at java.base/jdk.internal.reflect.NativeMethodAccessorImpl.invoke(NativeMethodAccessorImpl.java:62)
	at java.base/jdk.internal.reflect.DelegatingMethodAccessorImpl.invoke(DelegatingMethodAccessorImpl.java:43)
	at java.base/java.lang.reflect.Method.invoke(Method.java:566)
	at org.junit.runners.model.FrameworkMethod$1.runReflectiveCall(FrameworkMethod.java:59)
	at org.junit.internal.runners.model.ReflectiveCallable.run(ReflectiveCallable.java:12)
	at org.junit.runners.model.FrameworkMethod.invokeExplosively(FrameworkMethod.java:56)
	at org.junit.internal.runners.statements.InvokeMethod.evaluate(InvokeMethod.java:17)
	at org.junit.internal.runners.statements.RunBefores.evaluate(RunBefores.java:26)
	at org.junit.runners.ParentRunner$3.evaluate(ParentRunner.java:306)
	at org.junit.runners.BlockJUnit4ClassRunner$1.evaluate(BlockJUnit4ClassRunner.java:100)
	at org.junit.runners.ParentRunner.runLeaf(ParentRunner.java:366)
	at org.junit.runners.BlockJUnit4ClassRunner.runChild(BlockJUnit4ClassRunner.java:103)
	at org.junit.runners.BlockJUnit4ClassRunner.runChild(BlockJUnit4ClassRunner.java:63)
	at org.junit.runners.ParentRunner$4.run(ParentRunner.java:331)
	at org.junit.runners.ParentRunner$1.schedule(ParentRunner.java:79)
	at org.junit.runners.ParentRunner.runChildren(ParentRunner.java:329)
	at org.junit.runners.ParentRunner.access$100(ParentRunner.java:66)
	at org.junit.runners.ParentRunner$2.evaluate(ParentRunner.java:293)
	at org.junit.runners.ParentRunner$3.evaluate(ParentRunner.java:306)
	at org.junit.runners.ParentRunner.run(ParentRunner.java:413)
	at org.junit.runner.JUnitCore.run(JUnitCore.java:137)
	at com.intellij.junit4.JUnit4IdeaTestRunner.startRunnerWithArgs(JUnit4IdeaTestRunner.java:69)
	at com.intellij.rt.junit.IdeaTestRunner$Repeater$1.execute(IdeaTestRunner.java:38)
	at com.intellij.rt.execution.junit.TestsRepeater.repeat(TestsRepeater.java:11)
	at com.intellij.rt.junit.IdeaTestRunner$Repeater.startRunnerWithArgs(IdeaTestRunner.java:35)
	at com.intellij.rt.junit.JUnitStarter.prepareStreamsAndStart(JUnitStarter.java:235)
	at com.intellij.rt.junit.JUnitStarter.main(JUnitStarter.java:54)
[INFO][24-01-14][com.autogen.service.EvaluationService]Running coverage test on test files at D:\Coding\Creative\autogenTest\data\test, the target file are at D:\Coding\Creative\autogenTest\programCode
[WARN][24-01-14][com.autogen.service.EvaluationService]The result dictionary is empty, may not execute yet!
[ERROR][24-01-14][com.autogen.utils.IOUtils]Compile error: 
java.io.FileNotFoundException: D:\Coding\Creative\autogenTest\data\tests (系统找不到指定的路径。)
	at java.base/java.io.FileOutputStream.open0(Native Method)
	at java.base/java.io.FileOutputStream.open(FileOutputStream.java:298)
	at java.base/java.io.FileOutputStream.<init>(FileOutputStream.java:237)
	at java.base/java.io.FileOutputStream.<init>(FileOutputStream.java:187)
	at com.autogen.utils.IOUtils.writeTestFileToJavaFile(IOUtils.java:45)
	at com.autogen.service.EvaluationService.evaluateTestFromGPT(EvaluationService.java:51)
	at com.unfbx.autogen.GeneralTest.testEvaluation(GeneralTest.java:104)
	at java.base/jdk.internal.reflect.NativeMethodAccessorImpl.invoke0(Native Method)
	at java.base/jdk.internal.reflect.NativeMethodAccessorImpl.invoke(NativeMethodAccessorImpl.java:62)
	at java.base/jdk.internal.reflect.DelegatingMethodAccessorImpl.invoke(DelegatingMethodAccessorImpl.java:43)
	at java.base/java.lang.reflect.Method.invoke(Method.java:566)
	at org.junit.runners.model.FrameworkMethod$1.runReflectiveCall(FrameworkMethod.java:59)
	at org.junit.internal.runners.model.ReflectiveCallable.run(ReflectiveCallable.java:12)
	at org.junit.runners.model.FrameworkMethod.invokeExplosively(FrameworkMethod.java:56)
	at org.junit.internal.runners.statements.InvokeMethod.evaluate(InvokeMethod.java:17)
	at org.junit.internal.runners.statements.RunBefores.evaluate(RunBefores.java:26)
	at org.junit.runners.ParentRunner$3.evaluate(ParentRunner.java:306)
	at org.junit.runners.BlockJUnit4ClassRunner$1.evaluate(BlockJUnit4ClassRunner.java:100)
	at org.junit.runners.ParentRunner.runLeaf(ParentRunner.java:366)
	at org.junit.runners.BlockJUnit4ClassRunner.runChild(BlockJUnit4ClassRunner.java:103)
	at org.junit.runners.BlockJUnit4ClassRunner.runChild(BlockJUnit4ClassRunner.java:63)
	at org.junit.runners.ParentRunner$4.run(ParentRunner.java:331)
	at org.junit.runners.ParentRunner$1.schedule(ParentRunner.java:79)
	at org.junit.runners.ParentRunner.runChildren(ParentRunner.java:329)
	at org.junit.runners.ParentRunner.access$100(ParentRunner.java:66)
	at org.junit.runners.ParentRunner$2.evaluate(ParentRunner.java:293)
	at org.junit.runners.ParentRunner$3.evaluate(ParentRunner.java:306)
	at org.junit.runners.ParentRunner.run(ParentRunner.java:413)
	at org.junit.runner.JUnitCore.run(JUnitCore.java:137)
	at com.intellij.junit4.JUnit4IdeaTestRunner.startRunnerWithArgs(JUnit4IdeaTestRunner.java:69)
	at com.intellij.rt.junit.IdeaTestRunner$Repeater$1.execute(IdeaTestRunner.java:38)
	at com.intellij.rt.execution.junit.TestsRepeater.repeat(TestsRepeater.java:11)
	at com.intellij.rt.junit.IdeaTestRunner$Repeater.startRunnerWithArgs(IdeaTestRunner.java:35)
	at com.intellij.rt.junit.JUnitStarter.prepareStreamsAndStart(JUnitStarter.java:235)
	at com.intellij.rt.junit.JUnitStarter.main(JUnitStarter.java:54)
[INFO][24-01-14][com.autogen.service.EvaluationService]Running coverage test on test files at D:\Coding\Creative\autogenTest\data\tests, the target file are at D:\Coding\Creative\autogenTest\data\targets
[WARN][24-01-14][com.autogen.service.EvaluationService]The result dictionary is empty, may not execute yet!
[ERROR][24-01-14][com.autogen.utils.IOUtils]Compile error: 
java.io.FileNotFoundException: D:\Coding\Creative\autogenTest\data\tests (系统找不到指定的路径。)
	at java.base/java.io.FileOutputStream.open0(Native Method)
	at java.base/java.io.FileOutputStream.open(FileOutputStream.java:298)
	at java.base/java.io.FileOutputStream.<init>(FileOutputStream.java:237)
	at java.base/java.io.FileOutputStream.<init>(FileOutputStream.java:187)
	at com.autogen.utils.IOUtils.writeTestFileToJavaFile(IOUtils.java:45)
	at com.autogen.service.EvaluationService.evaluateTestFromGPT(EvaluationService.java:51)
	at com.unfbx.autogen.GeneralTest.testEvaluation(GeneralTest.java:104)
	at java.base/jdk.internal.reflect.NativeMethodAccessorImpl.invoke0(Native Method)
	at java.base/jdk.internal.reflect.NativeMethodAccessorImpl.invoke(NativeMethodAccessorImpl.java:62)
	at java.base/jdk.internal.reflect.DelegatingMethodAccessorImpl.invoke(DelegatingMethodAccessorImpl.java:43)
	at java.base/java.lang.reflect.Method.invoke(Method.java:566)
	at org.junit.runners.model.FrameworkMethod$1.runReflectiveCall(FrameworkMethod.java:59)
	at org.junit.internal.runners.model.ReflectiveCallable.run(ReflectiveCallable.java:12)
	at org.junit.runners.model.FrameworkMethod.invokeExplosively(FrameworkMethod.java:56)
	at org.junit.internal.runners.statements.InvokeMethod.evaluate(InvokeMethod.java:17)
	at org.junit.internal.runners.statements.RunBefores.evaluate(RunBefores.java:26)
	at org.junit.runners.ParentRunner$3.evaluate(ParentRunner.java:306)
	at org.junit.runners.BlockJUnit4ClassRunner$1.evaluate(BlockJUnit4ClassRunner.java:100)
	at org.junit.runners.ParentRunner.runLeaf(ParentRunner.java:366)
	at org.junit.runners.BlockJUnit4ClassRunner.runChild(BlockJUnit4ClassRunner.java:103)
	at org.junit.runners.BlockJUnit4ClassRunner.runChild(BlockJUnit4ClassRunner.java:63)
	at org.junit.runners.ParentRunner$4.run(ParentRunner.java:331)
	at org.junit.runners.ParentRunner$1.schedule(ParentRunner.java:79)
	at org.junit.runners.ParentRunner.runChildren(ParentRunner.java:329)
	at org.junit.runners.ParentRunner.access$100(ParentRunner.java:66)
	at org.junit.runners.ParentRunner$2.evaluate(ParentRunner.java:293)
	at org.junit.runners.ParentRunner$3.evaluate(ParentRunner.java:306)
	at org.junit.runners.ParentRunner.run(ParentRunner.java:413)
	at org.junit.runner.JUnitCore.run(JUnitCore.java:137)
	at com.intellij.junit4.JUnit4IdeaTestRunner.startRunnerWithArgs(JUnit4IdeaTestRunner.java:69)
	at com.intellij.rt.junit.IdeaTestRunner$Repeater$1.execute(IdeaTestRunner.java:38)
	at com.intellij.rt.execution.junit.TestsRepeater.repeat(TestsRepeater.java:11)
	at com.intellij.rt.junit.IdeaTestRunner$Repeater.startRunnerWithArgs(IdeaTestRunner.java:35)
	at com.intellij.rt.junit.JUnitStarter.prepareStreamsAndStart(JUnitStarter.java:235)
	at com.intellij.rt.junit.JUnitStarter.main(JUnitStarter.java:54)
[INFO][24-01-14][com.autogen.service.EvaluationService]Running coverage test on test files at D:\Coding\Creative\autogenTest\data\tests, the target file are at D:\Coding\Creative\autogenTest\data\targets
[WARN][24-01-14][com.autogen.service.EvaluationService]The result dictionary is empty, may not execute yet!
[ERROR][24-01-14][com.autogen.utils.IOUtils]Compile error: 
java.io.FileNotFoundException: D:\Coding\Creative\autogenTest\group_project_I\data\tests (系统找不到指定的路径。)
	at java.base/java.io.FileOutputStream.open0(Native Method)
	at java.base/java.io.FileOutputStream.open(FileOutputStream.java:298)
	at java.base/java.io.FileOutputStream.<init>(FileOutputStream.java:237)
	at java.base/java.io.FileOutputStream.<init>(FileOutputStream.java:187)
	at com.autogen.utils.IOUtils.writeTestFileToJavaFile(IOUtils.java:45)
	at com.autogen.service.EvaluationService.evaluateTestFromGPT(EvaluationService.java:51)
	at com.unfbx.autogen.GeneralTest.testEvaluation(GeneralTest.java:104)
	at java.base/jdk.internal.reflect.NativeMethodAccessorImpl.invoke0(Native Method)
	at java.base/jdk.internal.reflect.NativeMethodAccessorImpl.invoke(NativeMethodAccessorImpl.java:62)
	at java.base/jdk.internal.reflect.DelegatingMethodAccessorImpl.invoke(DelegatingMethodAccessorImpl.java:43)
	at java.base/java.lang.reflect.Method.invoke(Method.java:566)
	at org.junit.runners.model.FrameworkMethod$1.runReflectiveCall(FrameworkMethod.java:59)
	at org.junit.internal.runners.model.ReflectiveCallable.run(ReflectiveCallable.java:12)
	at org.junit.runners.model.FrameworkMethod.invokeExplosively(FrameworkMethod.java:56)
	at org.junit.internal.runners.statements.InvokeMethod.evaluate(InvokeMethod.java:17)
	at org.junit.internal.runners.statements.RunBefores.evaluate(RunBefores.java:26)
	at org.junit.runners.ParentRunner$3.evaluate(ParentRunner.java:306)
	at org.junit.runners.BlockJUnit4ClassRunner$1.evaluate(BlockJUnit4ClassRunner.java:100)
	at org.junit.runners.ParentRunner.runLeaf(ParentRunner.java:366)
	at org.junit.runners.BlockJUnit4ClassRunner.runChild(BlockJUnit4ClassRunner.java:103)
	at org.junit.runners.BlockJUnit4ClassRunner.runChild(BlockJUnit4ClassRunner.java:63)
	at org.junit.runners.ParentRunner$4.run(ParentRunner.java:331)
	at org.junit.runners.ParentRunner$1.schedule(ParentRunner.java:79)
	at org.junit.runners.ParentRunner.runChildren(ParentRunner.java:329)
	at org.junit.runners.ParentRunner.access$100(ParentRunner.java:66)
	at org.junit.runners.ParentRunner$2.evaluate(ParentRunner.java:293)
	at org.junit.runners.ParentRunner$3.evaluate(ParentRunner.java:306)
	at org.junit.runners.ParentRunner.run(ParentRunner.java:413)
	at org.junit.runner.JUnitCore.run(JUnitCore.java:137)
	at com.intellij.junit4.JUnit4IdeaTestRunner.startRunnerWithArgs(JUnit4IdeaTestRunner.java:69)
	at com.intellij.rt.junit.IdeaTestRunner$Repeater$1.execute(IdeaTestRunner.java:38)
	at com.intellij.rt.execution.junit.TestsRepeater.repeat(TestsRepeater.java:11)
	at com.intellij.rt.junit.IdeaTestRunner$Repeater.startRunnerWithArgs(IdeaTestRunner.java:35)
	at com.intellij.rt.junit.JUnitStarter.prepareStreamsAndStart(JUnitStarter.java:235)
	at com.intellij.rt.junit.JUnitStarter.main(JUnitStarter.java:54)
[INFO][24-01-14][com.autogen.service.EvaluationService]Running coverage test on test files at D:\Coding\Creative\autogenTest\group_project_I\data\tests, the target file are at D:\Coding\Creative\autogenTest\group_project_I\data\targets
[WARN][24-01-14][com.autogen.service.EvaluationService]The result dictionary is empty, may not execute yet!
[INFO][24-01-14][com.autogen.utils.IOUtils]Test file written to D:\Coding\Creative\group_project_I\data\tests\TargetTester.java
[INFO][24-01-14][com.autogen.utils.IOUtils]Compiling D:\Coding\Creative\group_project_I\data\tests\TargetTester.java...
[INFO][24-01-14][com.autogen.utils.CompileUtils]Adding third-party jar dependencies' in directory: D:\Coding\Creative\group_project_I\data\tests\lib
[INFO][24-01-14][com.autogen.service.EvaluationService]Running coverage test on test files at D:\Coding\Creative\group_project_I\data\tests, the target file are at D:\Coding\Creative\group_project_I\data\targets
[INFO][24-01-14][com.autogen.utils.IOUtils]Test file written to D:\Coding\Creative\group_project_I\data\tests\TargetTester.java
[INFO][24-01-14][com.autogen.utils.IOUtils]Compiling D:\Coding\Creative\group_project_I\data\tests\TargetTester.java...
[INFO][24-01-14][com.autogen.utils.CompileUtils]Adding third-party jar dependencies' in directory: D:\Coding\Creative\group_project_I\data\tests\lib
[INFO][24-01-14][com.autogen.service.EvaluationService]Running coverage test on test files at D:\Coding\Creative\group_project_I\data\tests, the target file are at D:\Coding\Creative\group_project_I\data\targets
[INFO][24-01-14][com.autogen.utils.IOUtils]Test file written to D:\Coding\Creative\group_project_I\data\tests\TargetTester.java
[INFO][24-01-14][com.autogen.utils.IOUtils]Compiling D:\Coding\Creative\group_project_I\data\tests\TargetTester.java...
[INFO][24-01-14][com.autogen.utils.CompileUtils]Adding third-party jar dependencies' in directory: D:\Coding\Creative\group_project_I\data\tests\lib
[INFO][24-01-14][com.autogen.service.EvaluationService]Running coverage test on test files at D:\Coding\Creative\group_project_I\data\tests, the target file are at D:\Coding\Creative\group_project_I\data\targets
[INFO][24-01-14][com.autogen.utils.IOUtils]Test file written to D:\Coding\Creative\group_project_I\data\tests\TargetTester.java
[INFO][24-01-14][com.autogen.utils.IOUtils]Compiling D:\Coding\Creative\group_project_I\data\tests\TargetTester.java...
[INFO][24-01-14][com.autogen.utils.CompileUtils]Adding third-party jar dependencies' in directory: D:\Coding\Creative\group_project_I\data\tests\lib
[INFO][24-01-14][com.autogen.utils.IOUtils]Test file written to D:\Coding\Creative\group_project_I\data\tests\TargetTester.java
[INFO][24-01-14][com.autogen.utils.IOUtils]Compiling D:\Coding\Creative\group_project_I\data\tests\TargetTester.java...
[INFO][24-01-14][com.autogen.utils.CompileUtils]Adding third-party jar dependencies' in directory: D:\Coding\Creative\group_project_I\data\lib
[INFO][24-01-14][com.autogen.service.EvaluationService]Running coverage test on test files at D:\Coding\Creative\autogenTest\originTest, the target file are at D:\Coding\Creative\group_project_I\data\targets
[INFO][24-01-14][com.autogen.utils.IOUtils]Test file written to D:\Coding\Creative\group_project_I\data\tests\TargetTester.java
[INFO][24-01-14][com.autogen.utils.IOUtils]Compiling D:\Coding\Creative\group_project_I\data\tests\TargetTester.java...
[INFO][24-01-14][com.autogen.utils.CompileUtils]Adding third-party jar dependencies' in directory: D:\Coding\Creative\group_project_I\data\lib
[INFO][24-01-14][com.autogen.service.EvaluationService]Running coverage test on test files at D:\Coding\Creative\autogenTest\originTest, the target file are at D:\Coding\Creative\group_project_I\data\targets
[INFO][24-01-14][com.autogen.utils.IOUtils]Test file written to D:\Coding\Creative\group_project_I\data\tests\TargetTester.java
[INFO][24-01-14][com.autogen.utils.IOUtils]Compiling D:\Coding\Creative\group_project_I\data\tests\TargetTester.java...
[INFO][24-01-14][com.autogen.utils.CompileUtils]Adding third-party jar dependencies' in directory: D:\Coding\Creative\group_project_I\data\lib
[INFO][24-01-14][com.autogen.utils.IOUtils]Test file written to D:\Coding\Creative\group_project_I\data\TargetTester.java
[INFO][24-01-14][com.autogen.utils.IOUtils]Compiling D:\Coding\Creative\group_project_I\data\TargetTester.java...
[INFO][24-01-14][com.autogen.utils.CompileUtils]Adding third-party jar dependencies' in directory: D:\Coding\Creative\group_project_I\data\lib
[INFO][24-01-14][com.autogen.service.EvaluationService]Running coverage test on test files at D:\Coding\Creative\group_project_I\data\tests, the target file are at D:\Coding\Creative\group_project_I\data\targets
[INFO][24-01-14][com.autogen.utils.IOUtils]Test file written to D:\Coding\Creative\group_project_I\data\TargetTester.java
[INFO][24-01-14][com.autogen.utils.IOUtils]Compiling D:\Coding\Creative\group_project_I\data\TargetTester.java...
[INFO][24-01-14][com.autogen.utils.CompileUtils]Adding third-party jar dependencies' in directory: D:\Coding\Creative\group_project_I\data\lib
[INFO][24-01-14][com.autogen.service.EvaluationService]Running coverage test on test files at D:\Coding\Creative\group_project_I\data\tests, the target file are at D:\Coding\Creative\group_project_I\data\targets
[INFO][24-01-14][com.autogen.utils.IOUtils]Test file written to D:\Coding\Creative\group_project_I\data\TargetTester.java
[INFO][24-01-14][com.autogen.utils.IOUtils]Compiling D:\Coding\Creative\group_project_I\data\TargetTester.java...
[INFO][24-01-14][com.autogen.utils.CompileUtils]Adding third-party jar dependencies' in directory: D:\Coding\Creative\group_project_I\data\lib
[INFO][24-01-14][com.autogen.service.EvaluationService]Running coverage test on test files at D:\Coding\Creative\group_project_I\data\tests, the target file are at D:\Coding\Creative\group_project_I\data\targets
[INFO][24-01-14][com.autogen.utils.IOUtils]Test file written to D:\Coding\Creative\group_project_I\data\TargetTester.java
[INFO][24-01-14][com.autogen.utils.IOUtils]Compiling D:\Coding\Creative\group_project_I\data\TargetTester.java...
[INFO][24-01-14][com.autogen.utils.CompileUtils]Adding third-party jar dependencies' in directory: D:\Coding\Creative\group_project_I\data\lib
[INFO][24-01-14][com.autogen.service.EvaluationService]Running coverage test on test files at D:\Coding\Creative\group_project_I\data\tests, the target file are at D:\Coding\Creative\group_project_I\data\targets
[INFO][24-01-14][com.autogen.utils.IOUtils]Test file written to D:\Coding\Creative\group_project_I\data\TargetTester.java
[INFO][24-01-14][com.autogen.utils.IOUtils]Compiling D:\Coding\Creative\group_project_I\data\TargetTester.java...
[INFO][24-01-14][com.autogen.utils.CompileUtils]Adding third-party jar dependencies' in directory: D:\Coding\Creative\group_project_I\data\lib
[INFO][24-01-14][com.autogen.service.EvaluationService]Running coverage test on test files at D:\Coding\Creative\group_project_I\data\tests, the target file are at D:\Coding\Creative\group_project_I\data\targets
[INFO][24-01-14][com.autogen.utils.IOUtils]Test file written to D:\Coding\Creative\group_project_I\data\TargetTester.java
[INFO][24-01-14][com.autogen.utils.IOUtils]Compiling D:\Coding\Creative\group_project_I\data\TargetTester.java...
[INFO][24-01-14][com.autogen.utils.CompileUtils]Adding third-party jar dependencies' in directory: D:\Coding\Creative\group_project_I\data\lib
[INFO][24-01-14][com.autogen.utils.IOUtils]Test file written to D:\Coding\Creative\group_project_I\data\TargetTester.java
[INFO][24-01-14][com.autogen.utils.IOUtils]Compiling D:\Coding\Creative\group_project_I\data\TargetTester.java...
[INFO][24-01-14][com.autogen.utils.CompileUtils]Adding third-party jar dependencies' in directory: D:\Coding\Creative\group_project_I\data\lib
[INFO][24-01-14][com.autogen.utils.CompileUtils]Compile D:\Coding\Creative\group_project_I\data\TargetTester.java successfully
[INFO][24-01-14][com.autogen.service.EvaluationService]Running coverage test on test files at D:\Coding\Creative\group_project_I\data\tests, the target file are at D:\Coding\Creative\group_project_I\data\targets
